[0m21:41:41.419855 [debug] [MainThread]: Sending event: {'category': 'dbt', 'action': 'invocation', 'label': 'start', 'context': [<snowplow_tracker.self_describing_json.SelfDescribingJson object at 0x7f2f7de0e2f0>, <snowplow_tracker.self_describing_json.SelfDescribingJson object at 0x7f2f7c9b0ca0>, <snowplow_tracker.self_describing_json.SelfDescribingJson object at 0x7f2f7c9b0c40>]}


============================== 21:41:41.425372 | 70cece43-7078-421b-93b3-f4232944146b ==============================
[0m21:41:41.425372 [info ] [MainThread]: Running with dbt=1.10.11
[0m21:41:41.427038 [debug] [MainThread]: running dbt with arguments {'version_check': 'True', 'fail_fast': 'False', 'introspect': 'True', 'partial_parse': 'True', 'write_json': 'True', 'quiet': 'False', 'target_path': 'None', 'cache_selected_only': 'False', 'debug': 'False', 'warn_error': 'None', 'invocation_command': 'dbt debug --project-dir /opt/dbt --profiles-dir /opt/dbt', 'printer_width': '80', 'log_path': '/opt/dbt/logs', 'static_parser': 'True', 'log_format': 'default', 'use_colors': 'True', 'use_experimental_parser': 'False', 'empty': 'None', 'no_print': 'None', 'profiles_dir': '/opt/dbt', 'log_cache_events': 'False', 'indirect_selection': 'eager', 'send_anonymous_usage_stats': 'True', 'warn_error_options': 'WarnErrorOptionsV2(error=[], warn=[], silence=[])'}
[0m21:41:41.440929 [info ] [MainThread]: dbt version: 1.10.11
[0m21:41:41.442264 [info ] [MainThread]: python version: 3.10.14
[0m21:41:41.443650 [info ] [MainThread]: python path: /home/airflow/.local/bin/python
[0m21:41:41.445170 [info ] [MainThread]: os info: Linux-5.15.167.4-microsoft-standard-WSL2-x86_64-with-glibc2.36
[0m21:41:43.976851 [info ] [MainThread]: Using profiles dir at /opt/dbt
[0m21:41:43.978389 [info ] [MainThread]: Using profiles.yml file at /opt/dbt/profiles.yml
[0m21:41:43.980136 [info ] [MainThread]: Using dbt_project.yml file at /opt/dbt/dbt_project.yml
[0m21:41:43.981918 [info ] [MainThread]: adapter type: bigquery
[0m21:41:43.983972 [info ] [MainThread]: adapter version: 1.10.0
[0m21:41:44.081415 [info ] [MainThread]: Configuration:
[0m21:41:44.083180 [info ] [MainThread]:   profiles.yml file [[32mOK found and valid[0m]
[0m21:41:44.084252 [info ] [MainThread]:   dbt_project.yml file [[32mOK found and valid[0m]
[0m21:41:44.085817 [info ] [MainThread]: Required dependencies:
[0m21:41:44.087419 [debug] [MainThread]: Executing "git --help"
[0m21:41:44.089547 [info ] [MainThread]:  - git [[31mERROR[0m]

[0m21:41:44.090743 [info ] [MainThread]: Connection:
[0m21:41:44.091743 [info ] [MainThread]:   method: service-account
[0m21:41:44.092477 [info ] [MainThread]:   database: advertisem
[0m21:41:44.093578 [info ] [MainThread]:   execution_project: advertisem
[0m21:41:44.094511 [info ] [MainThread]:   schema: advertisement
[0m21:41:44.095871 [info ] [MainThread]:   location: US
[0m21:41:44.097245 [info ] [MainThread]:   priority: None
[0m21:41:44.098346 [info ] [MainThread]:   maximum_bytes_billed: None
[0m21:41:44.099041 [info ] [MainThread]:   impersonate_service_account: None
[0m21:41:44.099896 [info ] [MainThread]:   job_retry_deadline_seconds: None
[0m21:41:44.100867 [info ] [MainThread]:   job_retries: 1
[0m21:41:44.102166 [info ] [MainThread]:   job_creation_timeout_seconds: None
[0m21:41:44.103160 [info ] [MainThread]:   job_execution_timeout_seconds: 300
[0m21:41:44.104145 [info ] [MainThread]:   timeout_seconds: 300
[0m21:41:44.104963 [info ] [MainThread]:   client_id: None
[0m21:41:44.105813 [info ] [MainThread]:   token_uri: None
[0m21:41:44.106852 [info ] [MainThread]:   compute_region: None
[0m21:41:44.107824 [info ] [MainThread]:   dataproc_cluster_name: None
[0m21:41:44.109016 [info ] [MainThread]:   gcs_bucket: None
[0m21:41:44.109805 [info ] [MainThread]:   dataproc_batch: None
[0m21:41:44.110842 [info ] [MainThread]: Registered adapter: bigquery=1.10.0
[0m21:41:44.247591 [debug] [MainThread]: Acquiring new bigquery connection 'debug'
[0m21:41:44.249560 [debug] [MainThread]: On debug: select 1 as id
[0m21:41:44.251292 [debug] [MainThread]: Opening a new connection, currently in state init
[0m21:41:44.799652 [error] [MainThread]: BigQuery adapter: https://console.cloud.google.com/bigquery?project=advertisem&j=bq:US:5947f572-2690-48e1-924f-31f03c4de629&page=queryresults
[0m21:41:44.804047 [info ] [MainThread]:   Connection test: [[31mERROR[0m]

[0m21:41:44.806847 [info ] [MainThread]: [31m2 checks failed:[0m
[0m21:41:44.809141 [info ] [MainThread]: Error from git --help: User does not have permissions for this command: "git"

[0m21:41:44.810557 [info ] [MainThread]: dbt was unable to connect to the specified database.
The database returned the following error:

  >Database Error
  Access Denied: Project advertisem: User does not have bigquery.jobs.create permission in project advertisem.

Check your database credentials and try again. For more information, visit:
https://docs.getdbt.com/docs/configure-your-profile


[0m21:41:44.814241 [debug] [MainThread]: Resource report: {"command_name": "debug", "command_success": false, "command_wall_clock_time": 3.4575858, "process_in_blocks": "206992", "process_kernel_time": 1.875895, "process_mem_max_rss": "361216", "process_out_blocks": "0", "process_user_time": 3.642031}
[0m21:41:44.815364 [debug] [MainThread]: Command `dbt debug` failed at 21:41:44.815243 after 3.46 seconds
[0m21:41:44.816083 [debug] [MainThread]: Connection 'debug' was properly closed.
[0m21:41:44.816811 [debug] [MainThread]: Sending event: {'category': 'dbt', 'action': 'invocation', 'label': 'end', 'context': [<snowplow_tracker.self_describing_json.SelfDescribingJson object at 0x7f2f7de0e2f0>, <snowplow_tracker.self_describing_json.SelfDescribingJson object at 0x7f2f375e5d80>, <snowplow_tracker.self_describing_json.SelfDescribingJson object at 0x7f2f375e6b00>]}
[0m21:41:44.817549 [debug] [MainThread]: Flushing usage events
[0m21:41:45.287248 [debug] [MainThread]: An error was encountered while trying to flush usage events
[0m21:42:46.809614 [debug] [MainThread]: Sending event: {'category': 'dbt', 'action': 'invocation', 'label': 'start', 'context': [<snowplow_tracker.self_describing_json.SelfDescribingJson object at 0x7fb2fba4e2f0>, <snowplow_tracker.self_describing_json.SelfDescribingJson object at 0x7fb2fa5f01c0>, <snowplow_tracker.self_describing_json.SelfDescribingJson object at 0x7fb2fa5f0160>]}


============================== 21:42:46.815230 | 08e8272f-5514-4ac1-96de-91a2141c4cac ==============================
[0m21:42:46.815230 [info ] [MainThread]: Running with dbt=1.10.11
[0m21:42:46.816707 [debug] [MainThread]: running dbt with arguments {'invocation_command': 'dbt debug --project-dir /opt/dbt --profiles-dir /opt/dbt', 'no_print': 'None', 'quiet': 'False', 'warn_error': 'None', 'fail_fast': 'False', 'write_json': 'True', 'use_experimental_parser': 'False', 'log_path': '/opt/dbt/logs', 'static_parser': 'True', 'printer_width': '80', 'send_anonymous_usage_stats': 'True', 'partial_parse': 'True', 'log_cache_events': 'False', 'cache_selected_only': 'False', 'debug': 'False', 'empty': 'None', 'target_path': 'None', 'log_format': 'default', 'indirect_selection': 'eager', 'warn_error_options': 'WarnErrorOptionsV2(error=[], warn=[], silence=[])', 'use_colors': 'True', 'version_check': 'True', 'profiles_dir': '/opt/dbt', 'introspect': 'True'}
[0m21:42:46.847380 [info ] [MainThread]: dbt version: 1.10.11
[0m21:42:46.849779 [info ] [MainThread]: python version: 3.10.14
[0m21:42:46.851720 [info ] [MainThread]: python path: /home/airflow/.local/bin/python
[0m21:42:46.853572 [info ] [MainThread]: os info: Linux-5.15.167.4-microsoft-standard-WSL2-x86_64-with-glibc2.36
[0m21:42:49.662868 [info ] [MainThread]: Using profiles dir at /opt/dbt
[0m21:42:49.665063 [info ] [MainThread]: Using profiles.yml file at /opt/dbt/profiles.yml
[0m21:42:49.666595 [info ] [MainThread]: Using dbt_project.yml file at /opt/dbt/dbt_project.yml
[0m21:42:49.668545 [info ] [MainThread]: adapter type: bigquery
[0m21:42:49.670015 [info ] [MainThread]: adapter version: 1.10.0
[0m21:42:49.785672 [info ] [MainThread]: Configuration:
[0m21:42:49.787313 [info ] [MainThread]:   profiles.yml file [[32mOK found and valid[0m]
[0m21:42:49.788568 [info ] [MainThread]:   dbt_project.yml file [[32mOK found and valid[0m]
[0m21:42:49.790188 [info ] [MainThread]: Required dependencies:
[0m21:42:49.791835 [debug] [MainThread]: Executing "git --help"
[0m21:42:49.795368 [debug] [MainThread]: STDOUT: "b"usage: git [-v | --version] [-h | --help] [-C <path>] [-c <name>=<value>]\n           [--exec-path[=<path>]] [--html-path] [--man-path] [--info-path]\n           [-p | --paginate | -P | --no-pager] [--no-replace-objects] [--bare]\n           [--git-dir=<path>] [--work-tree=<path>] [--namespace=<name>]\n           [--super-prefix=<path>] [--config-env=<name>=<envvar>]\n           <command> [<args>]\n\nThese are common Git commands used in various situations:\n\nstart a working area (see also: git help tutorial)\n   clone     Clone a repository into a new directory\n   init      Create an empty Git repository or reinitialize an existing one\n\nwork on the current change (see also: git help everyday)\n   add       Add file contents to the index\n   mv        Move or rename a file, a directory, or a symlink\n   restore   Restore working tree files\n   rm        Remove files from the working tree and from the index\n\nexamine the history and state (see also: git help revisions)\n   bisect    Use binary search to find the commit that introduced a bug\n   diff      Show changes between commits, commit and working tree, etc\n   grep      Print lines matching a pattern\n   log       Show commit logs\n   show      Show various types of objects\n   status    Show the working tree status\n\ngrow, mark and tweak your common history\n   branch    List, create, or delete branches\n   commit    Record changes to the repository\n   merge     Join two or more development histories together\n   rebase    Reapply commits on top of another base tip\n   reset     Reset current HEAD to the specified state\n   switch    Switch branches\n   tag       Create, list, delete or verify a tag object signed with GPG\n\ncollaborate (see also: git help workflows)\n   fetch     Download objects and refs from another repository\n   pull      Fetch from and integrate with another repository or a local branch\n   push      Update remote refs along with associated objects\n\n'git help -a' and 'git help -g' list available subcommands and some\nconcept guides. See 'git help <command>' or 'git help <concept>'\nto read about a specific subcommand or concept.\nSee 'git help git' for an overview of the system.\n""
[0m21:42:49.796204 [debug] [MainThread]: STDERR: "b''"
[0m21:42:49.797069 [info ] [MainThread]:  - git [[32mOK found[0m]

[0m21:42:49.797995 [info ] [MainThread]: Connection:
[0m21:42:49.799010 [info ] [MainThread]:   method: service-account
[0m21:42:49.799956 [info ] [MainThread]:   database: advertisem
[0m21:42:49.801103 [info ] [MainThread]:   execution_project: advertisem
[0m21:42:49.802068 [info ] [MainThread]:   schema: advertisement
[0m21:42:49.803017 [info ] [MainThread]:   location: US
[0m21:42:49.804216 [info ] [MainThread]:   priority: None
[0m21:42:49.805178 [info ] [MainThread]:   maximum_bytes_billed: None
[0m21:42:49.806317 [info ] [MainThread]:   impersonate_service_account: None
[0m21:42:49.807584 [info ] [MainThread]:   job_retry_deadline_seconds: None
[0m21:42:49.808468 [info ] [MainThread]:   job_retries: 1
[0m21:42:49.809548 [info ] [MainThread]:   job_creation_timeout_seconds: None
[0m21:42:49.810509 [info ] [MainThread]:   job_execution_timeout_seconds: 300
[0m21:42:49.811835 [info ] [MainThread]:   timeout_seconds: 300
[0m21:42:49.812734 [info ] [MainThread]:   client_id: None
[0m21:42:49.813918 [info ] [MainThread]:   token_uri: None
[0m21:42:49.815015 [info ] [MainThread]:   compute_region: None
[0m21:42:49.816286 [info ] [MainThread]:   dataproc_cluster_name: None
[0m21:42:49.817269 [info ] [MainThread]:   gcs_bucket: None
[0m21:42:49.818533 [info ] [MainThread]:   dataproc_batch: None
[0m21:42:49.819866 [info ] [MainThread]: Registered adapter: bigquery=1.10.0
[0m21:42:49.983135 [debug] [MainThread]: Acquiring new bigquery connection 'debug'
[0m21:42:49.984477 [debug] [MainThread]: On debug: select 1 as id
[0m21:42:49.985505 [debug] [MainThread]: Opening a new connection, currently in state init
[0m21:42:50.624189 [error] [MainThread]: BigQuery adapter: https://console.cloud.google.com/bigquery?project=advertisem&j=bq:US:3f9846c8-7ad3-41b1-81b3-5825cbdfe3ab&page=queryresults
[0m21:42:50.627803 [info ] [MainThread]:   Connection test: [[31mERROR[0m]

[0m21:42:50.629411 [info ] [MainThread]: [31m1 check failed:[0m
[0m21:42:50.631001 [info ] [MainThread]: dbt was unable to connect to the specified database.
The database returned the following error:

  >Database Error
  Access Denied: Project advertisem: User does not have bigquery.jobs.create permission in project advertisem.

Check your database credentials and try again. For more information, visit:
https://docs.getdbt.com/docs/configure-your-profile


[0m21:42:50.633017 [debug] [MainThread]: Resource report: {"command_name": "debug", "command_success": false, "command_wall_clock_time": 3.8909872, "process_in_blocks": "21376", "process_kernel_time": 1.616523, "process_mem_max_rss": "362732", "process_out_blocks": "17968", "process_user_time": 4.920502}
[0m21:42:50.634218 [debug] [MainThread]: Command `dbt debug` failed at 21:42:50.634120 after 3.89 seconds
[0m21:42:50.635379 [debug] [MainThread]: Connection 'debug' was properly closed.
[0m21:42:50.636264 [debug] [MainThread]: Sending event: {'category': 'dbt', 'action': 'invocation', 'label': 'end', 'context': [<snowplow_tracker.self_describing_json.SelfDescribingJson object at 0x7fb2fba4e2f0>, <snowplow_tracker.self_describing_json.SelfDescribingJson object at 0x7fb2b5031750>, <snowplow_tracker.self_describing_json.SelfDescribingJson object at 0x7fb2b5032a40>]}
[0m21:42:50.637080 [debug] [MainThread]: Flushing usage events
[0m21:42:51.105877 [debug] [MainThread]: An error was encountered while trying to flush usage events
[0m22:01:42.819943 [debug] [MainThread]: Sending event: {'category': 'dbt', 'action': 'invocation', 'label': 'start', 'context': [<snowplow_tracker.self_describing_json.SelfDescribingJson object at 0x7fd42f1c3dc0>, <snowplow_tracker.self_describing_json.SelfDescribingJson object at 0x7fd42d89c220>, <snowplow_tracker.self_describing_json.SelfDescribingJson object at 0x7fd42d89c1c0>]}


============================== 22:01:42.826142 | e16f3cb8-1480-4961-9cd9-5fa3c9b7609a ==============================
[0m22:01:42.826142 [info ] [MainThread]: Running with dbt=1.10.11
[0m22:01:42.827860 [debug] [MainThread]: running dbt with arguments {'debug': 'False', 'no_print': 'None', 'empty': 'None', 'use_experimental_parser': 'False', 'cache_selected_only': 'False', 'printer_width': '80', 'log_format': 'default', 'partial_parse': 'True', 'indirect_selection': 'eager', 'warn_error_options': 'WarnErrorOptionsV2(error=[], warn=[], silence=[])', 'fail_fast': 'False', 'profiles_dir': '/opt/dbt', 'target_path': 'None', 'log_cache_events': 'False', 'write_json': 'True', 'warn_error': 'None', 'invocation_command': 'dbt debug --project-dir /opt/dbt --profiles-dir /opt/dbt', 'introspect': 'True', 'version_check': 'True', 'static_parser': 'True', 'quiet': 'False', 'log_path': '/opt/dbt/logs', 'use_colors': 'True', 'send_anonymous_usage_stats': 'True'}
[0m22:01:42.867455 [info ] [MainThread]: dbt version: 1.10.11
[0m22:01:42.869143 [info ] [MainThread]: python version: 3.10.14
[0m22:01:42.870497 [info ] [MainThread]: python path: /home/airflow/.local/bin/python
[0m22:01:42.872044 [info ] [MainThread]: os info: Linux-5.15.167.4-microsoft-standard-WSL2-x86_64-with-glibc2.36
[0m22:02:02.535809 [debug] [MainThread]: Sending event: {'category': 'dbt', 'action': 'invocation', 'label': 'start', 'context': [<snowplow_tracker.self_describing_json.SelfDescribingJson object at 0x7f31c25122f0>, <snowplow_tracker.self_describing_json.SelfDescribingJson object at 0x7f31c10b4ca0>, <snowplow_tracker.self_describing_json.SelfDescribingJson object at 0x7f31c10b4c40>]}


============================== 22:02:02.541711 | 7c9e19b0-b516-46f6-ab6f-5fbcb5ce0a83 ==============================
[0m22:02:02.541711 [info ] [MainThread]: Running with dbt=1.10.11
[0m22:02:02.543277 [debug] [MainThread]: running dbt with arguments {'introspect': 'True', 'quiet': 'False', 'use_colors': 'True', 'log_cache_events': 'False', 'send_anonymous_usage_stats': 'True', 'cache_selected_only': 'False', 'log_path': '/opt/dbt/logs', 'invocation_command': 'dbt debug --project-dir /opt/dbt --profiles-dir /opt/dbt', 'target_path': 'None', 'no_print': 'None', 'indirect_selection': 'eager', 'warn_error': 'None', 'use_experimental_parser': 'False', 'write_json': 'True', 'warn_error_options': 'WarnErrorOptionsV2(error=[], warn=[], silence=[])', 'version_check': 'True', 'debug': 'False', 'printer_width': '80', 'log_format': 'default', 'static_parser': 'True', 'empty': 'None', 'fail_fast': 'False', 'partial_parse': 'True', 'profiles_dir': '/opt/dbt'}
[0m22:02:02.551918 [info ] [MainThread]: dbt version: 1.10.11
[0m22:02:02.553634 [info ] [MainThread]: python version: 3.10.14
[0m22:02:02.555292 [info ] [MainThread]: python path: /home/airflow/.local/bin/python
[0m22:02:02.557140 [info ] [MainThread]: os info: Linux-5.15.167.4-microsoft-standard-WSL2-x86_64-with-glibc2.36
[0m22:02:05.002633 [info ] [MainThread]: Using profiles dir at /opt/dbt
[0m22:02:05.004844 [info ] [MainThread]: Using profiles.yml file at /opt/dbt/profiles.yml
[0m22:02:05.006378 [info ] [MainThread]: Using dbt_project.yml file at /opt/dbt/dbt_project.yml
[0m22:02:05.008228 [info ] [MainThread]: adapter type: bigquery
[0m22:02:05.010031 [info ] [MainThread]: adapter version: 1.10.0
[0m22:02:05.117297 [info ] [MainThread]: Configuration:
[0m22:02:05.119232 [info ] [MainThread]:   profiles.yml file [[32mOK found and valid[0m]
[0m22:02:05.120440 [info ] [MainThread]:   dbt_project.yml file [[32mOK found and valid[0m]
[0m22:02:05.122433 [info ] [MainThread]: Required dependencies:
[0m22:02:05.124762 [debug] [MainThread]: Executing "git --help"
[0m22:02:05.136703 [debug] [MainThread]: STDOUT: "b"usage: git [-v | --version] [-h | --help] [-C <path>] [-c <name>=<value>]\n           [--exec-path[=<path>]] [--html-path] [--man-path] [--info-path]\n           [-p | --paginate | -P | --no-pager] [--no-replace-objects] [--bare]\n           [--git-dir=<path>] [--work-tree=<path>] [--namespace=<name>]\n           [--super-prefix=<path>] [--config-env=<name>=<envvar>]\n           <command> [<args>]\n\nThese are common Git commands used in various situations:\n\nstart a working area (see also: git help tutorial)\n   clone     Clone a repository into a new directory\n   init      Create an empty Git repository or reinitialize an existing one\n\nwork on the current change (see also: git help everyday)\n   add       Add file contents to the index\n   mv        Move or rename a file, a directory, or a symlink\n   restore   Restore working tree files\n   rm        Remove files from the working tree and from the index\n\nexamine the history and state (see also: git help revisions)\n   bisect    Use binary search to find the commit that introduced a bug\n   diff      Show changes between commits, commit and working tree, etc\n   grep      Print lines matching a pattern\n   log       Show commit logs\n   show      Show various types of objects\n   status    Show the working tree status\n\ngrow, mark and tweak your common history\n   branch    List, create, or delete branches\n   commit    Record changes to the repository\n   merge     Join two or more development histories together\n   rebase    Reapply commits on top of another base tip\n   reset     Reset current HEAD to the specified state\n   switch    Switch branches\n   tag       Create, list, delete or verify a tag object signed with GPG\n\ncollaborate (see also: git help workflows)\n   fetch     Download objects and refs from another repository\n   pull      Fetch from and integrate with another repository or a local branch\n   push      Update remote refs along with associated objects\n\n'git help -a' and 'git help -g' list available subcommands and some\nconcept guides. See 'git help <command>' or 'git help <concept>'\nto read about a specific subcommand or concept.\nSee 'git help git' for an overview of the system.\n""
[0m22:02:05.137806 [debug] [MainThread]: STDERR: "b''"
[0m22:02:05.139519 [info ] [MainThread]:  - git [[32mOK found[0m]

[0m22:02:05.141157 [info ] [MainThread]: Connection:
[0m22:02:05.143397 [info ] [MainThread]:   method: service-account
[0m22:02:05.144515 [info ] [MainThread]:   database: hopeful-vine-464619-u5
[0m22:02:05.145578 [info ] [MainThread]:   execution_project: hopeful-vine-464619-u5
[0m22:02:05.146571 [info ] [MainThread]:   schema: advertisement
[0m22:02:05.147744 [info ] [MainThread]:   location: US
[0m22:02:05.149003 [info ] [MainThread]:   priority: None
[0m22:02:05.150230 [info ] [MainThread]:   maximum_bytes_billed: None
[0m22:02:05.151433 [info ] [MainThread]:   impersonate_service_account: None
[0m22:02:05.152641 [info ] [MainThread]:   job_retry_deadline_seconds: None
[0m22:02:05.153771 [info ] [MainThread]:   job_retries: 1
[0m22:02:05.155170 [info ] [MainThread]:   job_creation_timeout_seconds: None
[0m22:02:05.156420 [info ] [MainThread]:   job_execution_timeout_seconds: 300
[0m22:02:05.157694 [info ] [MainThread]:   timeout_seconds: 300
[0m22:02:05.159348 [info ] [MainThread]:   client_id: None
[0m22:02:05.160564 [info ] [MainThread]:   token_uri: None
[0m22:02:05.161626 [info ] [MainThread]:   compute_region: None
[0m22:02:05.162491 [info ] [MainThread]:   dataproc_cluster_name: None
[0m22:02:05.163739 [info ] [MainThread]:   gcs_bucket: None
[0m22:02:05.165050 [info ] [MainThread]:   dataproc_batch: None
[0m22:02:05.166333 [info ] [MainThread]: Registered adapter: bigquery=1.10.0
[0m22:02:05.322613 [debug] [MainThread]: Acquiring new bigquery connection 'debug'
[0m22:02:05.323866 [debug] [MainThread]: On debug: select 1 as id
[0m22:02:05.325006 [debug] [MainThread]: Opening a new connection, currently in state init
[0m22:02:06.644682 [debug] [MainThread]: BigQuery adapter: https://console.cloud.google.com/bigquery?project=hopeful-vine-464619-u5&j=bq:US:7955b4b0-c097-411a-b7c4-a1342a2eb1d8&page=queryresults
[0m22:02:07.329011 [info ] [MainThread]:   Connection test: [[32mOK connection ok[0m]

[0m22:02:07.331250 [info ] [MainThread]: [32mAll checks passed![0m
[0m22:02:07.334224 [debug] [MainThread]: Resource report: {"command_name": "debug", "command_success": true, "command_wall_clock_time": 4.8636065, "process_in_blocks": "66592", "process_kernel_time": 1.731126, "process_mem_max_rss": "362464", "process_out_blocks": "0", "process_user_time": 4.150655}
[0m22:02:07.336037 [debug] [MainThread]: Command `dbt debug` succeeded at 22:02:07.335852 after 4.87 seconds
[0m22:02:07.337241 [debug] [MainThread]: Connection 'debug' was properly closed.
[0m22:02:07.338197 [debug] [MainThread]: Sending event: {'category': 'dbt', 'action': 'invocation', 'label': 'end', 'context': [<snowplow_tracker.self_describing_json.SelfDescribingJson object at 0x7f31c25122f0>, <snowplow_tracker.self_describing_json.SelfDescribingJson object at 0x7f317bb06980>, <snowplow_tracker.self_describing_json.SelfDescribingJson object at 0x7f317bb067d0>]}
[0m22:02:07.339160 [debug] [MainThread]: Flushing usage events
[0m22:02:07.829112 [debug] [MainThread]: An error was encountered while trying to flush usage events
[0m22:09:04.988973 [debug] [MainThread]: Sending event: {'category': 'dbt', 'action': 'invocation', 'label': 'start', 'context': [<snowplow_tracker.self_describing_json.SelfDescribingJson object at 0x7fe4bb78a2f0>, <snowplow_tracker.self_describing_json.SelfDescribingJson object at 0x7fe4ba030ca0>, <snowplow_tracker.self_describing_json.SelfDescribingJson object at 0x7fe4ba030c40>]}


============================== 22:09:04.994690 | 38415c28-2715-4872-9c04-525a22ce02b8 ==============================
[0m22:09:04.994690 [info ] [MainThread]: Running with dbt=1.10.11
[0m22:09:04.996237 [debug] [MainThread]: running dbt with arguments {'profiles_dir': '/opt/dbt', 'invocation_command': 'dbt debug --project-dir /opt/dbt --profiles-dir /opt/dbt', 'fail_fast': 'False', 'log_cache_events': 'False', 'printer_width': '80', 'use_colors': 'True', 'warn_error': 'None', 'cache_selected_only': 'False', 'log_path': '/opt/dbt/logs', 'send_anonymous_usage_stats': 'True', 'partial_parse': 'True', 'version_check': 'True', 'log_format': 'default', 'introspect': 'True', 'empty': 'None', 'target_path': 'None', 'use_experimental_parser': 'False', 'static_parser': 'True', 'warn_error_options': 'WarnErrorOptionsV2(error=[], warn=[], silence=[])', 'debug': 'False', 'no_print': 'None', 'indirect_selection': 'eager', 'quiet': 'False', 'write_json': 'True'}
[0m22:09:05.004583 [info ] [MainThread]: dbt version: 1.10.11
[0m22:09:05.006120 [info ] [MainThread]: python version: 3.10.14
[0m22:09:05.007503 [info ] [MainThread]: python path: /home/airflow/.local/bin/python
[0m22:09:05.008764 [info ] [MainThread]: os info: Linux-5.15.167.4-microsoft-standard-WSL2-x86_64-with-glibc2.36
[0m22:09:06.726554 [info ] [MainThread]: Using profiles dir at /opt/dbt
[0m22:09:06.729375 [info ] [MainThread]: Using profiles.yml file at /opt/dbt/profiles.yml
[0m22:09:06.730978 [info ] [MainThread]: Using dbt_project.yml file at /opt/dbt/dbt_project.yml
[0m22:09:06.732972 [info ] [MainThread]: adapter type: bigquery
[0m22:09:06.734135 [info ] [MainThread]: adapter version: 1.10.0
[0m22:09:06.831711 [info ] [MainThread]: Configuration:
[0m22:09:06.833671 [info ] [MainThread]:   profiles.yml file [[32mOK found and valid[0m]
[0m22:09:06.835276 [info ] [MainThread]:   dbt_project.yml file [[32mOK found and valid[0m]
[0m22:09:06.837705 [info ] [MainThread]: Required dependencies:
[0m22:09:06.839869 [debug] [MainThread]: Executing "git --help"
[0m22:09:06.844156 [debug] [MainThread]: STDOUT: "b"usage: git [-v | --version] [-h | --help] [-C <path>] [-c <name>=<value>]\n           [--exec-path[=<path>]] [--html-path] [--man-path] [--info-path]\n           [-p | --paginate | -P | --no-pager] [--no-replace-objects] [--bare]\n           [--git-dir=<path>] [--work-tree=<path>] [--namespace=<name>]\n           [--super-prefix=<path>] [--config-env=<name>=<envvar>]\n           <command> [<args>]\n\nThese are common Git commands used in various situations:\n\nstart a working area (see also: git help tutorial)\n   clone     Clone a repository into a new directory\n   init      Create an empty Git repository or reinitialize an existing one\n\nwork on the current change (see also: git help everyday)\n   add       Add file contents to the index\n   mv        Move or rename a file, a directory, or a symlink\n   restore   Restore working tree files\n   rm        Remove files from the working tree and from the index\n\nexamine the history and state (see also: git help revisions)\n   bisect    Use binary search to find the commit that introduced a bug\n   diff      Show changes between commits, commit and working tree, etc\n   grep      Print lines matching a pattern\n   log       Show commit logs\n   show      Show various types of objects\n   status    Show the working tree status\n\ngrow, mark and tweak your common history\n   branch    List, create, or delete branches\n   commit    Record changes to the repository\n   merge     Join two or more development histories together\n   rebase    Reapply commits on top of another base tip\n   reset     Reset current HEAD to the specified state\n   switch    Switch branches\n   tag       Create, list, delete or verify a tag object signed with GPG\n\ncollaborate (see also: git help workflows)\n   fetch     Download objects and refs from another repository\n   pull      Fetch from and integrate with another repository or a local branch\n   push      Update remote refs along with associated objects\n\n'git help -a' and 'git help -g' list available subcommands and some\nconcept guides. See 'git help <command>' or 'git help <concept>'\nto read about a specific subcommand or concept.\nSee 'git help git' for an overview of the system.\n""
[0m22:09:06.845846 [debug] [MainThread]: STDERR: "b''"
[0m22:09:06.846768 [info ] [MainThread]:  - git [[32mOK found[0m]

[0m22:09:06.848053 [info ] [MainThread]: Connection:
[0m22:09:06.849036 [info ] [MainThread]:   method: service-account
[0m22:09:06.850417 [info ] [MainThread]:   database: hopeful-vine-464619-u5
[0m22:09:06.851651 [info ] [MainThread]:   execution_project: hopeful-vine-464619-u5
[0m22:09:06.852805 [info ] [MainThread]:   schema: advertisement
[0m22:09:06.853585 [info ] [MainThread]:   location: US
[0m22:09:06.854880 [info ] [MainThread]:   priority: None
[0m22:09:06.856288 [info ] [MainThread]:   maximum_bytes_billed: None
[0m22:09:06.857611 [info ] [MainThread]:   impersonate_service_account: None
[0m22:09:06.859053 [info ] [MainThread]:   job_retry_deadline_seconds: None
[0m22:09:06.860055 [info ] [MainThread]:   job_retries: 1
[0m22:09:06.861629 [info ] [MainThread]:   job_creation_timeout_seconds: None
[0m22:09:06.862981 [info ] [MainThread]:   job_execution_timeout_seconds: 300
[0m22:09:06.864534 [info ] [MainThread]:   timeout_seconds: 300
[0m22:09:06.865891 [info ] [MainThread]:   client_id: None
[0m22:09:06.866820 [info ] [MainThread]:   token_uri: None
[0m22:09:06.867808 [info ] [MainThread]:   compute_region: None
[0m22:09:06.868875 [info ] [MainThread]:   dataproc_cluster_name: None
[0m22:09:06.869857 [info ] [MainThread]:   gcs_bucket: None
[0m22:09:06.871228 [info ] [MainThread]:   dataproc_batch: None
[0m22:09:06.872981 [info ] [MainThread]: Registered adapter: bigquery=1.10.0
[0m22:09:07.008799 [debug] [MainThread]: Acquiring new bigquery connection 'debug'
[0m22:09:07.010419 [debug] [MainThread]: On debug: select 1 as id
[0m22:09:07.011614 [debug] [MainThread]: Opening a new connection, currently in state init
[0m22:09:08.171551 [debug] [MainThread]: BigQuery adapter: https://console.cloud.google.com/bigquery?project=hopeful-vine-464619-u5&j=bq:US:2313f366-150b-4a02-8535-b2f276ad966b&page=queryresults
[0m22:09:08.808994 [info ] [MainThread]:   Connection test: [[32mOK connection ok[0m]

[0m22:09:08.810583 [info ] [MainThread]: [32mAll checks passed![0m
[0m22:09:08.812498 [debug] [MainThread]: Resource report: {"command_name": "debug", "command_success": true, "command_wall_clock_time": 3.884575, "process_in_blocks": "0", "process_kernel_time": 1.604949, "process_mem_max_rss": "362228", "process_out_blocks": "0", "process_user_time": 3.78808}
[0m22:09:08.814441 [debug] [MainThread]: Command `dbt debug` succeeded at 22:09:08.814229 after 3.89 seconds
[0m22:09:08.815843 [debug] [MainThread]: Connection 'debug' was properly closed.
[0m22:09:08.817059 [debug] [MainThread]: Sending event: {'category': 'dbt', 'action': 'invocation', 'label': 'end', 'context': [<snowplow_tracker.self_describing_json.SelfDescribingJson object at 0x7fe4bb78a2f0>, <snowplow_tracker.self_describing_json.SelfDescribingJson object at 0x7fe474b4e9b0>, <snowplow_tracker.self_describing_json.SelfDescribingJson object at 0x7fe474b4e800>]}
[0m22:09:08.818135 [debug] [MainThread]: Flushing usage events
[0m22:09:09.742062 [debug] [MainThread]: An error was encountered while trying to flush usage events
[0m22:15:54.197416 [debug] [MainThread]: Sending event: {'category': 'dbt', 'action': 'invocation', 'label': 'start', 'context': [<snowplow_tracker.self_describing_json.SelfDescribingJson object at 0x7f9ea31a22f0>, <snowplow_tracker.self_describing_json.SelfDescribingJson object at 0x7f9ea1b3cca0>, <snowplow_tracker.self_describing_json.SelfDescribingJson object at 0x7f9ea1b3cc40>]}


============================== 22:15:54.203887 | e608dd66-50b2-480f-a478-018428b40d2c ==============================
[0m22:15:54.203887 [info ] [MainThread]: Running with dbt=1.10.11
[0m22:15:54.205183 [debug] [MainThread]: running dbt with arguments {'invocation_command': 'dbt debug --project-dir /opt/dbt --profiles-dir /opt/dbt', 'write_json': 'True', 'cache_selected_only': 'False', 'empty': 'None', 'profiles_dir': '/opt/dbt', 'no_print': 'None', 'printer_width': '80', 'debug': 'False', 'fail_fast': 'False', 'version_check': 'True', 'use_experimental_parser': 'False', 'use_colors': 'True', 'indirect_selection': 'eager', 'log_format': 'default', 'log_path': '/opt/dbt/logs', 'introspect': 'True', 'partial_parse': 'True', 'log_cache_events': 'False', 'warn_error_options': 'WarnErrorOptionsV2(error=[], warn=[], silence=[])', 'target_path': 'None', 'static_parser': 'True', 'warn_error': 'None', 'quiet': 'False', 'send_anonymous_usage_stats': 'True'}
[0m22:15:54.221454 [info ] [MainThread]: dbt version: 1.10.11
[0m22:15:54.222755 [info ] [MainThread]: python version: 3.10.14
[0m22:15:54.223830 [info ] [MainThread]: python path: /home/airflow/.local/bin/python
[0m22:15:54.225069 [info ] [MainThread]: os info: Linux-5.15.167.4-microsoft-standard-WSL2-x86_64-with-glibc2.36
[0m22:15:56.868534 [info ] [MainThread]: Using profiles dir at /opt/dbt
[0m22:15:56.870354 [info ] [MainThread]: Using profiles.yml file at /opt/dbt/profiles.yml
[0m22:15:56.872438 [info ] [MainThread]: Using dbt_project.yml file at /opt/dbt/dbt_project.yml
[0m22:15:56.875531 [info ] [MainThread]: adapter type: bigquery
[0m22:15:56.877753 [info ] [MainThread]: adapter version: 1.10.0
[0m22:15:56.977473 [info ] [MainThread]: Configuration:
[0m22:15:56.979449 [info ] [MainThread]:   profiles.yml file [[32mOK found and valid[0m]
[0m22:15:56.980773 [info ] [MainThread]:   dbt_project.yml file [[32mOK found and valid[0m]
[0m22:15:56.982207 [info ] [MainThread]: Required dependencies:
[0m22:15:56.983360 [debug] [MainThread]: Executing "git --help"
[0m22:15:56.996813 [debug] [MainThread]: STDOUT: "b"usage: git [-v | --version] [-h | --help] [-C <path>] [-c <name>=<value>]\n           [--exec-path[=<path>]] [--html-path] [--man-path] [--info-path]\n           [-p | --paginate | -P | --no-pager] [--no-replace-objects] [--bare]\n           [--git-dir=<path>] [--work-tree=<path>] [--namespace=<name>]\n           [--super-prefix=<path>] [--config-env=<name>=<envvar>]\n           <command> [<args>]\n\nThese are common Git commands used in various situations:\n\nstart a working area (see also: git help tutorial)\n   clone     Clone a repository into a new directory\n   init      Create an empty Git repository or reinitialize an existing one\n\nwork on the current change (see also: git help everyday)\n   add       Add file contents to the index\n   mv        Move or rename a file, a directory, or a symlink\n   restore   Restore working tree files\n   rm        Remove files from the working tree and from the index\n\nexamine the history and state (see also: git help revisions)\n   bisect    Use binary search to find the commit that introduced a bug\n   diff      Show changes between commits, commit and working tree, etc\n   grep      Print lines matching a pattern\n   log       Show commit logs\n   show      Show various types of objects\n   status    Show the working tree status\n\ngrow, mark and tweak your common history\n   branch    List, create, or delete branches\n   commit    Record changes to the repository\n   merge     Join two or more development histories together\n   rebase    Reapply commits on top of another base tip\n   reset     Reset current HEAD to the specified state\n   switch    Switch branches\n   tag       Create, list, delete or verify a tag object signed with GPG\n\ncollaborate (see also: git help workflows)\n   fetch     Download objects and refs from another repository\n   pull      Fetch from and integrate with another repository or a local branch\n   push      Update remote refs along with associated objects\n\n'git help -a' and 'git help -g' list available subcommands and some\nconcept guides. See 'git help <command>' or 'git help <concept>'\nto read about a specific subcommand or concept.\nSee 'git help git' for an overview of the system.\n""
[0m22:15:56.997883 [debug] [MainThread]: STDERR: "b''"
[0m22:15:56.999166 [info ] [MainThread]:  - git [[32mOK found[0m]

[0m22:15:57.000663 [info ] [MainThread]: Connection:
[0m22:15:57.002269 [info ] [MainThread]:   method: service-account
[0m22:15:57.003852 [info ] [MainThread]:   database: hopeful-vine-464619-u5
[0m22:15:57.004921 [info ] [MainThread]:   execution_project: hopeful-vine-464619-u5
[0m22:15:57.005852 [info ] [MainThread]:   schema: advertisement
[0m22:15:57.006721 [info ] [MainThread]:   location: US
[0m22:15:57.007560 [info ] [MainThread]:   priority: None
[0m22:15:57.008497 [info ] [MainThread]:   maximum_bytes_billed: None
[0m22:15:57.009369 [info ] [MainThread]:   impersonate_service_account: None
[0m22:15:57.010177 [info ] [MainThread]:   job_retry_deadline_seconds: None
[0m22:15:57.011628 [info ] [MainThread]:   job_retries: 1
[0m22:15:57.013116 [info ] [MainThread]:   job_creation_timeout_seconds: None
[0m22:15:57.014099 [info ] [MainThread]:   job_execution_timeout_seconds: 300
[0m22:15:57.015034 [info ] [MainThread]:   timeout_seconds: 300
[0m22:15:57.016135 [info ] [MainThread]:   client_id: None
[0m22:15:57.017028 [info ] [MainThread]:   token_uri: None
[0m22:15:57.017960 [info ] [MainThread]:   compute_region: None
[0m22:15:57.019105 [info ] [MainThread]:   dataproc_cluster_name: None
[0m22:15:57.020161 [info ] [MainThread]:   gcs_bucket: None
[0m22:15:57.021408 [info ] [MainThread]:   dataproc_batch: None
[0m22:15:57.022699 [info ] [MainThread]: Registered adapter: bigquery=1.10.0
[0m22:15:57.161053 [debug] [MainThread]: Acquiring new bigquery connection 'debug'
[0m22:15:57.162530 [debug] [MainThread]: On debug: select 1 as id
[0m22:15:57.163670 [debug] [MainThread]: Opening a new connection, currently in state init
[0m22:15:57.882749 [debug] [MainThread]: BigQuery adapter: https://console.cloud.google.com/bigquery?project=hopeful-vine-464619-u5&j=bq:US:9179c76c-1801-4875-a8dc-c7a445bbc1e3&page=queryresults
[0m22:15:58.508912 [info ] [MainThread]:   Connection test: [[32mOK connection ok[0m]

[0m22:15:58.510765 [info ] [MainThread]: [32mAll checks passed![0m
[0m22:15:58.513774 [debug] [MainThread]: Resource report: {"command_name": "debug", "command_success": true, "command_wall_clock_time": 4.3953733, "process_in_blocks": "208376", "process_kernel_time": 1.69773, "process_mem_max_rss": "366048", "process_out_blocks": "0", "process_user_time": 3.887703}
[0m22:15:58.516062 [debug] [MainThread]: Command `dbt debug` succeeded at 22:15:58.515903 after 4.40 seconds
[0m22:15:58.517301 [debug] [MainThread]: Connection 'debug' was properly closed.
[0m22:15:58.518512 [debug] [MainThread]: Sending event: {'category': 'dbt', 'action': 'invocation', 'label': 'end', 'context': [<snowplow_tracker.self_describing_json.SelfDescribingJson object at 0x7f9ea31a22f0>, <snowplow_tracker.self_describing_json.SelfDescribingJson object at 0x7f9e5c79e9e0>, <snowplow_tracker.self_describing_json.SelfDescribingJson object at 0x7f9e5c79e830>]}
[0m22:15:58.519801 [debug] [MainThread]: Flushing usage events
[0m22:15:59.071524 [debug] [MainThread]: An error was encountered while trying to flush usage events
[0m22:17:43.427377 [debug] [MainThread]: Sending event: {'category': 'dbt', 'action': 'invocation', 'label': 'start', 'context': [<snowplow_tracker.self_describing_json.SelfDescribingJson object at 0x7fc18d176320>, <snowplow_tracker.self_describing_json.SelfDescribingJson object at 0x7fc18bb281c0>, <snowplow_tracker.self_describing_json.SelfDescribingJson object at 0x7fc18bb28160>]}


============================== 22:17:43.435245 | 781e6276-dbeb-4a97-b4df-4eb22ba346e1 ==============================
[0m22:17:43.435245 [info ] [MainThread]: Running with dbt=1.10.11
[0m22:17:43.436491 [debug] [MainThread]: running dbt with arguments {'log_format': 'default', 'no_print': 'None', 'send_anonymous_usage_stats': 'True', 'target_path': 'None', 'fail_fast': 'False', 'indirect_selection': 'eager', 'write_json': 'True', 'log_path': '/opt/dbt/logs', 'use_colors': 'True', 'introspect': 'True', 'printer_width': '80', 'empty': 'None', 'log_cache_events': 'False', 'partial_parse': 'True', 'debug': 'False', 'profiles_dir': '/opt/dbt', 'version_check': 'True', 'warn_error': 'None', 'warn_error_options': 'WarnErrorOptionsV2(error=[], warn=[], silence=[])', 'cache_selected_only': 'False', 'quiet': 'False', 'invocation_command': 'dbt debug --project-dir /opt/dbt --profiles-dir /opt/dbt', 'static_parser': 'True', 'use_experimental_parser': 'False'}
[0m22:17:43.474190 [info ] [MainThread]: dbt version: 1.10.11
[0m22:17:43.475986 [info ] [MainThread]: python version: 3.10.14
[0m22:17:43.477608 [info ] [MainThread]: python path: /home/airflow/.local/bin/python
[0m22:17:43.479442 [info ] [MainThread]: os info: Linux-5.15.167.4-microsoft-standard-WSL2-x86_64-with-glibc2.36
[0m22:24:15.796435 [debug] [MainThread]: Sending event: {'category': 'dbt', 'action': 'invocation', 'label': 'start', 'context': [<snowplow_tracker.self_describing_json.SelfDescribingJson object at 0x7f6ca6db6290>, <snowplow_tracker.self_describing_json.SelfDescribingJson object at 0x7f6ca5930c40>, <snowplow_tracker.self_describing_json.SelfDescribingJson object at 0x7f6ca5930be0>]}


============================== 22:24:15.801453 | 0952081b-6276-4bfa-a551-7799bd0a0d6f ==============================
[0m22:24:15.801453 [info ] [MainThread]: Running with dbt=1.10.11
[0m22:24:15.802607 [debug] [MainThread]: running dbt with arguments {'send_anonymous_usage_stats': 'True', 'log_cache_events': 'False', 'debug': 'False', 'introspect': 'True', 'log_path': '/opt/dbt/logs', 'static_parser': 'True', 'printer_width': '80', 'no_print': 'None', 'log_format': 'default', 'indirect_selection': 'eager', 'warn_error_options': 'WarnErrorOptionsV2(error=[], warn=[], silence=[])', 'quiet': 'False', 'write_json': 'True', 'target_path': 'None', 'fail_fast': 'False', 'cache_selected_only': 'False', 'invocation_command': 'dbt debug --project-dir /opt/dbt --profiles-dir /opt/dbt', 'version_check': 'True', 'use_colors': 'True', 'empty': 'None', 'partial_parse': 'True', 'use_experimental_parser': 'False', 'warn_error': 'None', 'profiles_dir': '/opt/dbt'}
[0m22:24:15.810652 [info ] [MainThread]: dbt version: 1.10.11
[0m22:24:15.812335 [info ] [MainThread]: python version: 3.10.14
[0m22:24:15.813624 [info ] [MainThread]: python path: /home/airflow/.local/bin/python
[0m22:24:15.815235 [info ] [MainThread]: os info: Linux-5.15.167.4-microsoft-standard-WSL2-x86_64-with-glibc2.36
[0m22:24:18.247056 [info ] [MainThread]: Using profiles dir at /opt/dbt
[0m22:24:18.248788 [info ] [MainThread]: Using profiles.yml file at /opt/dbt/profiles.yml
[0m22:24:18.250648 [info ] [MainThread]: Using dbt_project.yml file at /opt/dbt/dbt_project.yml
[0m22:24:18.253141 [info ] [MainThread]: adapter type: bigquery
[0m22:24:18.254628 [info ] [MainThread]: adapter version: 1.10.0
[0m22:24:18.350169 [info ] [MainThread]: Configuration:
[0m22:24:18.352604 [info ] [MainThread]:   profiles.yml file [[32mOK found and valid[0m]
[0m22:24:18.354590 [info ] [MainThread]:   dbt_project.yml file [[32mOK found and valid[0m]
[0m22:24:18.356080 [info ] [MainThread]: Required dependencies:
[0m22:24:18.357484 [debug] [MainThread]: Executing "git --help"
[0m22:24:18.370085 [debug] [MainThread]: STDOUT: "b"usage: git [-v | --version] [-h | --help] [-C <path>] [-c <name>=<value>]\n           [--exec-path[=<path>]] [--html-path] [--man-path] [--info-path]\n           [-p | --paginate | -P | --no-pager] [--no-replace-objects] [--bare]\n           [--git-dir=<path>] [--work-tree=<path>] [--namespace=<name>]\n           [--super-prefix=<path>] [--config-env=<name>=<envvar>]\n           <command> [<args>]\n\nThese are common Git commands used in various situations:\n\nstart a working area (see also: git help tutorial)\n   clone     Clone a repository into a new directory\n   init      Create an empty Git repository or reinitialize an existing one\n\nwork on the current change (see also: git help everyday)\n   add       Add file contents to the index\n   mv        Move or rename a file, a directory, or a symlink\n   restore   Restore working tree files\n   rm        Remove files from the working tree and from the index\n\nexamine the history and state (see also: git help revisions)\n   bisect    Use binary search to find the commit that introduced a bug\n   diff      Show changes between commits, commit and working tree, etc\n   grep      Print lines matching a pattern\n   log       Show commit logs\n   show      Show various types of objects\n   status    Show the working tree status\n\ngrow, mark and tweak your common history\n   branch    List, create, or delete branches\n   commit    Record changes to the repository\n   merge     Join two or more development histories together\n   rebase    Reapply commits on top of another base tip\n   reset     Reset current HEAD to the specified state\n   switch    Switch branches\n   tag       Create, list, delete or verify a tag object signed with GPG\n\ncollaborate (see also: git help workflows)\n   fetch     Download objects and refs from another repository\n   pull      Fetch from and integrate with another repository or a local branch\n   push      Update remote refs along with associated objects\n\n'git help -a' and 'git help -g' list available subcommands and some\nconcept guides. See 'git help <command>' or 'git help <concept>'\nto read about a specific subcommand or concept.\nSee 'git help git' for an overview of the system.\n""
[0m22:24:18.371607 [debug] [MainThread]: STDERR: "b''"
[0m22:24:18.372576 [info ] [MainThread]:  - git [[32mOK found[0m]

[0m22:24:18.373700 [info ] [MainThread]: Connection:
[0m22:24:18.375318 [info ] [MainThread]:   method: service-account
[0m22:24:18.376493 [info ] [MainThread]:   database: hopeful-vine-464619-u5
[0m22:24:18.377800 [info ] [MainThread]:   execution_project: hopeful-vine-464619-u5
[0m22:24:18.378931 [info ] [MainThread]:   schema: advertisement
[0m22:24:18.380154 [info ] [MainThread]:   location: US
[0m22:24:18.381021 [info ] [MainThread]:   priority: None
[0m22:24:18.382060 [info ] [MainThread]:   maximum_bytes_billed: None
[0m22:24:18.382953 [info ] [MainThread]:   impersonate_service_account: None
[0m22:24:18.383972 [info ] [MainThread]:   job_retry_deadline_seconds: None
[0m22:24:18.384877 [info ] [MainThread]:   job_retries: 1
[0m22:24:18.385815 [info ] [MainThread]:   job_creation_timeout_seconds: None
[0m22:24:18.386825 [info ] [MainThread]:   job_execution_timeout_seconds: 300
[0m22:24:18.388058 [info ] [MainThread]:   timeout_seconds: 300
[0m22:24:18.389210 [info ] [MainThread]:   client_id: None
[0m22:24:18.390062 [info ] [MainThread]:   token_uri: None
[0m22:24:18.390995 [info ] [MainThread]:   compute_region: None
[0m22:24:18.391897 [info ] [MainThread]:   dataproc_cluster_name: None
[0m22:24:18.392868 [info ] [MainThread]:   gcs_bucket: None
[0m22:24:18.394245 [info ] [MainThread]:   dataproc_batch: None
[0m22:24:18.395997 [info ] [MainThread]: Registered adapter: bigquery=1.10.0
[0m22:24:18.531309 [debug] [MainThread]: Acquiring new bigquery connection 'debug'
[0m22:24:18.532599 [debug] [MainThread]: On debug: select 1 as id
[0m22:24:18.534318 [debug] [MainThread]: Opening a new connection, currently in state init
[0m22:24:19.176404 [debug] [MainThread]: BigQuery adapter: https://console.cloud.google.com/bigquery?project=hopeful-vine-464619-u5&j=bq:US:070bcae0-be33-4e1f-98be-012e03ad584f&page=queryresults
[0m22:24:19.979824 [info ] [MainThread]:   Connection test: [[32mOK connection ok[0m]

[0m22:24:19.981371 [info ] [MainThread]: [32mAll checks passed![0m
[0m22:24:19.983470 [debug] [MainThread]: Resource report: {"command_name": "debug", "command_success": true, "command_wall_clock_time": 4.2480316, "process_in_blocks": "116128", "process_kernel_time": 1.862188, "process_mem_max_rss": "378460", "process_out_blocks": "1184", "process_user_time": 3.669419}
[0m22:24:19.985046 [debug] [MainThread]: Command `dbt debug` succeeded at 22:24:19.984926 after 4.25 seconds
[0m22:24:19.987050 [debug] [MainThread]: Connection 'debug' was properly closed.
[0m22:24:19.987992 [debug] [MainThread]: Sending event: {'category': 'dbt', 'action': 'invocation', 'label': 'end', 'context': [<snowplow_tracker.self_describing_json.SelfDescribingJson object at 0x7f6ca6db6290>, <snowplow_tracker.self_describing_json.SelfDescribingJson object at 0x7f6c6035a680>, <snowplow_tracker.self_describing_json.SelfDescribingJson object at 0x7f6c6035a4d0>]}
[0m22:24:19.988915 [debug] [MainThread]: Flushing usage events
[0m22:24:20.520198 [debug] [MainThread]: An error was encountered while trying to flush usage events
[0m22:37:56.131400 [debug] [MainThread]: Sending event: {'category': 'dbt', 'action': 'invocation', 'label': 'start', 'context': [<snowplow_tracker.self_describing_json.SelfDescribingJson object at 0x7fdebb71a350>, <snowplow_tracker.self_describing_json.SelfDescribingJson object at 0x7fdeba0dc1f0>, <snowplow_tracker.self_describing_json.SelfDescribingJson object at 0x7fdeba0dc190>]}


============================== 22:37:56.138925 | 2b15a5e6-9f66-4d79-8f50-ab098a4d653e ==============================
[0m22:37:56.138925 [info ] [MainThread]: Running with dbt=1.10.11
[0m22:37:56.140467 [debug] [MainThread]: running dbt with arguments {'warn_error_options': 'WarnErrorOptionsV2(error=[], warn=[], silence=[])', 'version_check': 'True', 'partial_parse': 'True', 'indirect_selection': 'eager', 'empty': 'None', 'introspect': 'True', 'log_path': '/opt/dbt/logs', 'log_format': 'default', 'use_experimental_parser': 'False', 'no_print': 'None', 'static_parser': 'True', 'send_anonymous_usage_stats': 'True', 'cache_selected_only': 'False', 'use_colors': 'True', 'write_json': 'True', 'log_cache_events': 'False', 'profiles_dir': '/opt/dbt', 'invocation_command': 'dbt debug --project-dir /opt/dbt --profiles-dir /opt/dbt', 'warn_error': 'None', 'printer_width': '80', 'debug': 'False', 'fail_fast': 'False', 'target_path': 'None', 'quiet': 'False'}
[0m22:37:56.174856 [info ] [MainThread]: dbt version: 1.10.11
[0m22:37:56.176115 [info ] [MainThread]: python version: 3.10.14
[0m22:37:56.177254 [info ] [MainThread]: python path: /home/airflow/.local/bin/python
[0m22:37:56.178393 [info ] [MainThread]: os info: Linux-5.15.167.4-microsoft-standard-WSL2-x86_64-with-glibc2.36
[0m22:38:25.675635 [debug] [MainThread]: Sending event: {'category': 'dbt', 'action': 'invocation', 'label': 'start', 'context': [<snowplow_tracker.self_describing_json.SelfDescribingJson object at 0x7f1eed1ca2f0>, <snowplow_tracker.self_describing_json.SelfDescribingJson object at 0x7f1eebb88ca0>, <snowplow_tracker.self_describing_json.SelfDescribingJson object at 0x7f1eebb88c40>]}


============================== 22:38:25.681332 | 70df2e9c-7752-40ed-97fb-f71d6680df53 ==============================
[0m22:38:25.681332 [info ] [MainThread]: Running with dbt=1.10.11
[0m22:38:25.682654 [debug] [MainThread]: running dbt with arguments {'printer_width': '80', 'write_json': 'True', 'introspect': 'True', 'target_path': 'None', 'version_check': 'True', 'no_print': 'None', 'cache_selected_only': 'False', 'invocation_command': 'dbt debug --project-dir /opt/dbt --profiles-dir /opt/dbt', 'log_format': 'default', 'partial_parse': 'True', 'warn_error': 'None', 'indirect_selection': 'eager', 'fail_fast': 'False', 'debug': 'False', 'log_cache_events': 'False', 'warn_error_options': 'WarnErrorOptionsV2(error=[], warn=[], silence=[])', 'use_colors': 'True', 'send_anonymous_usage_stats': 'True', 'log_path': '/opt/dbt/logs', 'static_parser': 'True', 'quiet': 'False', 'empty': 'None', 'use_experimental_parser': 'False', 'profiles_dir': '/opt/dbt'}
[0m22:38:25.693013 [info ] [MainThread]: dbt version: 1.10.11
[0m22:38:25.694205 [info ] [MainThread]: python version: 3.10.14
[0m22:38:25.696035 [info ] [MainThread]: python path: /home/airflow/.local/bin/python
[0m22:38:25.697306 [info ] [MainThread]: os info: Linux-5.15.167.4-microsoft-standard-WSL2-x86_64-with-glibc2.36
[0m22:38:29.345876 [info ] [MainThread]: Using profiles dir at /opt/dbt
[0m22:38:29.348036 [info ] [MainThread]: Using profiles.yml file at /opt/dbt/profiles.yml
[0m22:38:29.349732 [info ] [MainThread]: Using dbt_project.yml file at /opt/dbt/dbt_project.yml
[0m22:38:29.351319 [info ] [MainThread]: adapter type: bigquery
[0m22:38:29.353685 [info ] [MainThread]: adapter version: 1.10.0
[0m22:38:29.458098 [info ] [MainThread]: Configuration:
[0m22:38:29.459956 [info ] [MainThread]:   profiles.yml file [[32mOK found and valid[0m]
[0m22:38:29.461510 [info ] [MainThread]:   dbt_project.yml file [[32mOK found and valid[0m]
[0m22:38:29.463698 [info ] [MainThread]: Required dependencies:
[0m22:38:29.465355 [debug] [MainThread]: Executing "git --help"
[0m22:38:29.477667 [debug] [MainThread]: STDOUT: "b"usage: git [-v | --version] [-h | --help] [-C <path>] [-c <name>=<value>]\n           [--exec-path[=<path>]] [--html-path] [--man-path] [--info-path]\n           [-p | --paginate | -P | --no-pager] [--no-replace-objects] [--bare]\n           [--git-dir=<path>] [--work-tree=<path>] [--namespace=<name>]\n           [--super-prefix=<path>] [--config-env=<name>=<envvar>]\n           <command> [<args>]\n\nThese are common Git commands used in various situations:\n\nstart a working area (see also: git help tutorial)\n   clone     Clone a repository into a new directory\n   init      Create an empty Git repository or reinitialize an existing one\n\nwork on the current change (see also: git help everyday)\n   add       Add file contents to the index\n   mv        Move or rename a file, a directory, or a symlink\n   restore   Restore working tree files\n   rm        Remove files from the working tree and from the index\n\nexamine the history and state (see also: git help revisions)\n   bisect    Use binary search to find the commit that introduced a bug\n   diff      Show changes between commits, commit and working tree, etc\n   grep      Print lines matching a pattern\n   log       Show commit logs\n   show      Show various types of objects\n   status    Show the working tree status\n\ngrow, mark and tweak your common history\n   branch    List, create, or delete branches\n   commit    Record changes to the repository\n   merge     Join two or more development histories together\n   rebase    Reapply commits on top of another base tip\n   reset     Reset current HEAD to the specified state\n   switch    Switch branches\n   tag       Create, list, delete or verify a tag object signed with GPG\n\ncollaborate (see also: git help workflows)\n   fetch     Download objects and refs from another repository\n   pull      Fetch from and integrate with another repository or a local branch\n   push      Update remote refs along with associated objects\n\n'git help -a' and 'git help -g' list available subcommands and some\nconcept guides. See 'git help <command>' or 'git help <concept>'\nto read about a specific subcommand or concept.\nSee 'git help git' for an overview of the system.\n""
[0m22:38:29.478746 [debug] [MainThread]: STDERR: "b''"
[0m22:38:29.479725 [info ] [MainThread]:  - git [[32mOK found[0m]

[0m22:38:29.480671 [info ] [MainThread]: Connection:
[0m22:38:29.482155 [info ] [MainThread]:   method: service-account
[0m22:38:29.483199 [info ] [MainThread]:   database: hopeful-vine-464619-u5
[0m22:38:29.484422 [info ] [MainThread]:   execution_project: hopeful-vine-464619-u5
[0m22:38:29.485959 [info ] [MainThread]:   schema: advertisement
[0m22:38:29.487048 [info ] [MainThread]:   location: US
[0m22:38:29.488256 [info ] [MainThread]:   priority: None
[0m22:38:29.489169 [info ] [MainThread]:   maximum_bytes_billed: None
[0m22:38:29.490239 [info ] [MainThread]:   impersonate_service_account: None
[0m22:38:29.491373 [info ] [MainThread]:   job_retry_deadline_seconds: None
[0m22:38:29.492560 [info ] [MainThread]:   job_retries: 1
[0m22:38:29.494116 [info ] [MainThread]:   job_creation_timeout_seconds: None
[0m22:38:29.495195 [info ] [MainThread]:   job_execution_timeout_seconds: 300
[0m22:38:29.496416 [info ] [MainThread]:   timeout_seconds: 300
[0m22:38:29.497350 [info ] [MainThread]:   client_id: None
[0m22:38:29.498399 [info ] [MainThread]:   token_uri: None
[0m22:38:29.499530 [info ] [MainThread]:   compute_region: None
[0m22:38:29.500871 [info ] [MainThread]:   dataproc_cluster_name: None
[0m22:38:29.502110 [info ] [MainThread]:   gcs_bucket: None
[0m22:38:29.502968 [info ] [MainThread]:   dataproc_batch: None
[0m22:38:29.504036 [info ] [MainThread]: Registered adapter: bigquery=1.10.0
[0m22:38:29.656125 [debug] [MainThread]: Acquiring new bigquery connection 'debug'
[0m22:38:29.658129 [debug] [MainThread]: On debug: select 1 as id
[0m22:38:29.659951 [debug] [MainThread]: Opening a new connection, currently in state init
[0m22:38:30.338297 [debug] [MainThread]: BigQuery adapter: https://console.cloud.google.com/bigquery?project=hopeful-vine-464619-u5&j=bq:US:228bb34b-5cd2-4370-9bde-c99d708e0e63&page=queryresults
[0m22:38:30.949733 [info ] [MainThread]:   Connection test: [[32mOK connection ok[0m]

[0m22:38:30.951926 [info ] [MainThread]: [32mAll checks passed![0m
[0m22:38:30.954043 [debug] [MainThread]: Resource report: {"command_name": "debug", "command_success": true, "command_wall_clock_time": 5.354246, "process_in_blocks": "146440", "process_kernel_time": 1.621973, "process_mem_max_rss": "374972", "process_out_blocks": "16400", "process_user_time": 5.118016}
[0m22:38:30.957477 [debug] [MainThread]: Command `dbt debug` succeeded at 22:38:30.957213 after 5.36 seconds
[0m22:38:30.959777 [debug] [MainThread]: Connection 'debug' was properly closed.
[0m22:38:30.961618 [debug] [MainThread]: Sending event: {'category': 'dbt', 'action': 'invocation', 'label': 'end', 'context': [<snowplow_tracker.self_describing_json.SelfDescribingJson object at 0x7f1eed1ca2f0>, <snowplow_tracker.self_describing_json.SelfDescribingJson object at 0x7f1ea6752860>, <snowplow_tracker.self_describing_json.SelfDescribingJson object at 0x7f1ea67526b0>]}
[0m22:38:30.962853 [debug] [MainThread]: Flushing usage events
[0m22:38:31.509298 [debug] [MainThread]: An error was encountered while trying to flush usage events
[0m22:39:06.490677 [debug] [MainThread]: Sending event: {'category': 'dbt', 'action': 'invocation', 'label': 'start', 'context': [<snowplow_tracker.self_describing_json.SelfDescribingJson object at 0x7fa2e78f62c0>, <snowplow_tracker.self_describing_json.SelfDescribingJson object at 0x7fa2e6270d30>, <snowplow_tracker.self_describing_json.SelfDescribingJson object at 0x7fa2e6270cd0>]}


============================== 22:39:06.495502 | e0d26266-adb7-4ea0-8211-5b75f10bbdb0 ==============================
[0m22:39:06.495502 [info ] [MainThread]: Running with dbt=1.10.11
[0m22:39:06.497107 [debug] [MainThread]: running dbt with arguments {'cache_selected_only': 'False', 'warn_error_options': 'WarnErrorOptionsV2(error=[], warn=[], silence=[])', 'fail_fast': 'False', 'log_cache_events': 'False', 'send_anonymous_usage_stats': 'True', 'quiet': 'False', 'write_json': 'True', 'warn_error': 'None', 'log_format': 'default', 'empty': 'False', 'indirect_selection': 'eager', 'profiles_dir': '/opt/dbt', 'target_path': 'None', 'no_print': 'None', 'partial_parse': 'True', 'introspect': 'True', 'printer_width': '80', 'static_parser': 'True', 'use_experimental_parser': 'False', 'debug': 'False', 'use_colors': 'True', 'version_check': 'True', 'invocation_command': 'dbt run --project-dir /opt/dbt --profiles-dir /opt/dbt --select test_campaigns', 'log_path': '/opt/dbt/logs'}
[0m22:39:08.320113 [debug] [MainThread]: Sending event: {'category': 'dbt', 'action': 'project_id', 'label': 'e0d26266-adb7-4ea0-8211-5b75f10bbdb0', 'context': [<snowplow_tracker.self_describing_json.SelfDescribingJson object at 0x7fa2a10b1f00>]}
[0m22:39:08.374516 [debug] [MainThread]: Sending event: {'category': 'dbt', 'action': 'adapter_info', 'label': 'e0d26266-adb7-4ea0-8211-5b75f10bbdb0', 'context': [<snowplow_tracker.self_describing_json.SelfDescribingJson object at 0x7fa2e62b7cd0>]}
[0m22:39:08.377545 [info ] [MainThread]: Registered adapter: bigquery=1.10.0
[0m22:39:08.518937 [debug] [MainThread]: checksum: 5335e1629744fab92fa7809c625edbb36f0d7063a879d6215c971798f27e66f9, vars: {}, profile: , target: , version: 1.10.11
[0m22:39:08.523957 [info ] [MainThread]: Unable to do partial parsing because saved manifest not found. Starting full parse.
[0m22:39:08.525021 [debug] [MainThread]: Sending event: {'category': 'dbt', 'action': 'partial_parser', 'label': 'e0d26266-adb7-4ea0-8211-5b75f10bbdb0', 'context': [<snowplow_tracker.self_describing_json.SelfDescribingJson object at 0x7fa2a0e1e260>]}
[0m22:39:09.529838 [debug] [MainThread]: Sending event: {'category': 'dbt', 'action': 'load_project', 'label': 'e0d26266-adb7-4ea0-8211-5b75f10bbdb0', 'context': [<snowplow_tracker.self_describing_json.SelfDescribingJson object at 0x7fa2a0bc8550>]}
[0m22:39:09.622118 [debug] [MainThread]: Wrote artifact WritableManifest to /opt/dbt/target/manifest.json
[0m22:39:09.629846 [debug] [MainThread]: Wrote artifact SemanticManifest to /opt/dbt/target/semantic_manifest.json
[0m22:39:09.665866 [debug] [MainThread]: Sending event: {'category': 'dbt', 'action': 'resource_counts', 'label': 'e0d26266-adb7-4ea0-8211-5b75f10bbdb0', 'context': [<snowplow_tracker.self_describing_json.SelfDescribingJson object at 0x7fa29e156050>]}
[0m22:39:09.667553 [info ] [MainThread]: Found 1 model, 494 macros
[0m22:39:09.669264 [debug] [MainThread]: Sending event: {'category': 'dbt', 'action': 'runnable_timing', 'label': 'e0d26266-adb7-4ea0-8211-5b75f10bbdb0', 'context': [<snowplow_tracker.self_describing_json.SelfDescribingJson object at 0x7fa29e156e30>]}
[0m22:39:09.672007 [info ] [MainThread]: 
[0m22:39:09.673423 [info ] [MainThread]: Concurrency: 4 threads (target='dev')
[0m22:39:09.674672 [info ] [MainThread]: 
[0m22:39:09.676300 [debug] [MainThread]: Acquiring new bigquery connection 'master'
[0m22:39:09.678462 [debug] [ThreadPool]: Acquiring new bigquery connection 'list_hopeful-vine-464619-u5'
[0m22:39:09.679555 [debug] [ThreadPool]: Opening a new connection, currently in state init
[0m22:39:10.103382 [debug] [ThreadPool]: Re-using an available connection from the pool (formerly list_hopeful-vine-464619-u5, now create_hopeful-vine-464619-u5_advertisement)
[0m22:39:10.105548 [debug] [ThreadPool]: Creating schema "database: "hopeful-vine-464619-u5"
schema: "advertisement"
"
[0m22:39:10.116211 [debug] [ThreadPool]: On create_hopeful-vine-464619-u5_advertisement: /* {"app": "dbt", "dbt_version": "1.10.11", "profile_name": "ad_campaign_project", "target_name": "dev", "connection_name": "create_hopeful-vine-464619-u5_advertisement"} */
create schema if not exists `hopeful-vine-464619-u5`.`advertisement`
  
[0m22:39:10.118034 [debug] [ThreadPool]: Opening a new connection, currently in state closed
[0m22:39:10.668369 [debug] [ThreadPool]: BigQuery adapter: https://console.cloud.google.com/bigquery?project=hopeful-vine-464619-u5&j=bq:US:5a6cd43b-2dc0-434c-a12d-e9eb9ab438a9&page=queryresults
[0m22:39:11.444639 [debug] [ThreadPool]: Acquiring new bigquery connection 'list_hopeful-vine-464619-u5_advertisement'
[0m22:39:11.446406 [debug] [ThreadPool]: Opening a new connection, currently in state init
[0m22:39:11.969487 [debug] [MainThread]: Sending event: {'category': 'dbt', 'action': 'runnable_timing', 'label': 'e0d26266-adb7-4ea0-8211-5b75f10bbdb0', 'context': [<snowplow_tracker.self_describing_json.SelfDescribingJson object at 0x7fa29e183760>]}
[0m22:39:11.971005 [debug] [MainThread]: Opening a new connection, currently in state init
[0m22:39:12.011165 [debug] [Thread-1 (]: Began running node model.ad_campaign_analytics.test_campaigns
[0m22:39:12.013397 [info ] [Thread-1 (]: 1 of 1 START sql table model advertisement.test_campaigns ...................... [RUN]
[0m22:39:12.015207 [debug] [Thread-1 (]: Re-using an available connection from the pool (formerly list_hopeful-vine-464619-u5_advertisement, now model.ad_campaign_analytics.test_campaigns)
[0m22:39:12.016402 [debug] [Thread-1 (]: Began compiling node model.ad_campaign_analytics.test_campaigns
[0m22:39:12.024891 [debug] [Thread-1 (]: Writing injected SQL for node "model.ad_campaign_analytics.test_campaigns"
[0m22:39:12.045972 [debug] [Thread-1 (]: Began executing node model.ad_campaign_analytics.test_campaigns
[0m22:39:12.079043 [debug] [Thread-1 (]: Writing runtime sql for node "model.ad_campaign_analytics.test_campaigns"
[0m22:39:12.102817 [debug] [Thread-1 (]: On model.ad_campaign_analytics.test_campaigns: /* {"app": "dbt", "dbt_version": "1.10.11", "profile_name": "ad_campaign_project", "target_name": "dev", "node_id": "model.ad_campaign_analytics.test_campaigns"} */

  
    

    create or replace table `hopeful-vine-464619-u5`.`advertisement`.`test_campaigns`
      
    
    

    
    OPTIONS()
    as (
      -- Simple test model to verify BigQuery connection


select 
  'campaign_001' as campaign_id,
  'Test Campaign 1' as campaign_name,
  'search' as campaign_type,
  1000 as impressions,
  50 as clicks,
  100.0 as spend

union all

select 
  'campaign_002' as campaign_id,
  'Test Campaign 2' as campaign_name,
  'display' as campaign_type,
  2000 as impressions,
  80 as clicks,
  150.0 as spend
    );
  
[0m22:39:12.103759 [debug] [Thread-1 (]: Opening a new connection, currently in state closed
[0m22:39:13.070177 [debug] [Thread-1 (]: BigQuery adapter: https://console.cloud.google.com/bigquery?project=hopeful-vine-464619-u5&j=bq:US:1eae0957-c91c-4df4-83f8-06cfe2f3a4d1&page=queryresults
[0m22:39:15.417466 [debug] [Thread-1 (]: Sending event: {'category': 'dbt', 'action': 'run_model', 'label': 'e0d26266-adb7-4ea0-8211-5b75f10bbdb0', 'context': [<snowplow_tracker.self_describing_json.SelfDescribingJson object at 0x7fa2a0fff550>]}
[0m22:39:15.419041 [info ] [Thread-1 (]: 1 of 1 OK created sql table model advertisement.test_campaigns ................. [[32mCREATE TABLE (2.0 rows, 0 processed)[0m in 3.40s]
[0m22:39:15.420929 [debug] [Thread-1 (]: Finished running node model.ad_campaign_analytics.test_campaigns
[0m22:39:15.424211 [debug] [MainThread]: Opening a new connection, currently in state closed
[0m22:39:15.456217 [debug] [MainThread]: Connection 'master' was properly closed.
[0m22:39:15.458231 [debug] [MainThread]: Connection 'create_hopeful-vine-464619-u5_advertisement' was properly closed.
[0m22:39:15.460499 [debug] [MainThread]: Connection 'model.ad_campaign_analytics.test_campaigns' was properly closed.
[0m22:39:15.462496 [info ] [MainThread]: 
[0m22:39:15.464524 [info ] [MainThread]: Finished running 1 table model in 0 hours 0 minutes and 5.79 seconds (5.79s).
[0m22:39:15.466969 [debug] [MainThread]: Command end result
[0m22:39:15.512991 [debug] [MainThread]: Wrote artifact WritableManifest to /opt/dbt/target/manifest.json
[0m22:39:15.518422 [debug] [MainThread]: Wrote artifact SemanticManifest to /opt/dbt/target/semantic_manifest.json
[0m22:39:15.529356 [debug] [MainThread]: Wrote artifact RunExecutionResult to /opt/dbt/target/run_results.json
[0m22:39:15.530318 [info ] [MainThread]: 
[0m22:39:15.531605 [info ] [MainThread]: [32mCompleted successfully[0m
[0m22:39:15.533169 [info ] [MainThread]: 
[0m22:39:15.534937 [info ] [MainThread]: Done. PASS=1 WARN=0 ERROR=0 SKIP=0 NO-OP=0 TOTAL=1
[0m22:39:15.537670 [debug] [MainThread]: Resource report: {"command_name": "run", "command_success": true, "command_wall_clock_time": 9.110773, "process_in_blocks": "3744", "process_kernel_time": 1.815249, "process_mem_max_rss": "394448", "process_out_blocks": "0", "process_user_time": 4.976976}
[0m22:39:15.539906 [debug] [MainThread]: Command `dbt run` succeeded at 22:39:15.539690 after 9.11 seconds
[0m22:39:15.541654 [debug] [MainThread]: Sending event: {'category': 'dbt', 'action': 'invocation', 'label': 'end', 'context': [<snowplow_tracker.self_describing_json.SelfDescribingJson object at 0x7fa2e78f62c0>, <snowplow_tracker.self_describing_json.SelfDescribingJson object at 0x7fa2e784e890>, <snowplow_tracker.self_describing_json.SelfDescribingJson object at 0x7fa29d54ed10>]}
[0m22:39:15.543156 [debug] [MainThread]: Flushing usage events
[0m22:39:16.010624 [debug] [MainThread]: An error was encountered while trying to flush usage events
[0m22:39:24.591750 [debug] [MainThread]: Sending event: {'category': 'dbt', 'action': 'invocation', 'label': 'start', 'context': [<snowplow_tracker.self_describing_json.SelfDescribingJson object at 0x7fddeb6522c0>, <snowplow_tracker.self_describing_json.SelfDescribingJson object at 0x7fddea0dcd30>, <snowplow_tracker.self_describing_json.SelfDescribingJson object at 0x7fddea0dccd0>]}


============================== 22:39:24.596684 | 3a27ee83-3223-46f8-b5df-7862d8c84736 ==============================
[0m22:39:24.596684 [info ] [MainThread]: Running with dbt=1.10.11
[0m22:39:24.598068 [debug] [MainThread]: running dbt with arguments {'cache_selected_only': 'False', 'log_path': '/opt/dbt/logs', 'log_format': 'default', 'warn_error_options': 'WarnErrorOptionsV2(error=[], warn=[], silence=[])', 'partial_parse': 'True', 'write_json': 'True', 'printer_width': '80', 'introspect': 'True', 'invocation_command': 'dbt show --project-dir /opt/dbt --profiles-dir /opt/dbt --select test_campaigns', 'profiles_dir': '/opt/dbt', 'no_print': 'None', 'fail_fast': 'False', 'empty': 'None', 'log_cache_events': 'False', 'indirect_selection': 'eager', 'use_colors': 'True', 'target_path': 'None', 'warn_error': 'None', 'send_anonymous_usage_stats': 'True', 'static_parser': 'True', 'debug': 'False', 'use_experimental_parser': 'False', 'quiet': 'False', 'version_check': 'True'}
[0m22:39:26.376675 [debug] [MainThread]: Sending event: {'category': 'dbt', 'action': 'project_id', 'label': '3a27ee83-3223-46f8-b5df-7862d8c84736', 'context': [<snowplow_tracker.self_describing_json.SelfDescribingJson object at 0x7fdda4c226e0>]}
[0m22:39:26.431189 [debug] [MainThread]: Sending event: {'category': 'dbt', 'action': 'adapter_info', 'label': '3a27ee83-3223-46f8-b5df-7862d8c84736', 'context': [<snowplow_tracker.self_describing_json.SelfDescribingJson object at 0x7fddea0a60b0>]}
[0m22:39:26.449323 [info ] [MainThread]: Registered adapter: bigquery=1.10.0
[0m22:39:26.595797 [debug] [MainThread]: checksum: 5335e1629744fab92fa7809c625edbb36f0d7063a879d6215c971798f27e66f9, vars: {}, profile: , target: , version: 1.10.11
[0m22:39:26.775113 [debug] [MainThread]: Partial parsing enabled: 0 files deleted, 0 files added, 0 files changed.
[0m22:39:26.776301 [debug] [MainThread]: Partial parsing enabled, no changes found, skipping parsing
[0m22:39:26.802791 [debug] [MainThread]: Sending event: {'category': 'dbt', 'action': 'load_project', 'label': '3a27ee83-3223-46f8-b5df-7862d8c84736', 'context': [<snowplow_tracker.self_describing_json.SelfDescribingJson object at 0x7fdda463a4a0>]}
[0m22:39:26.933131 [debug] [MainThread]: Wrote artifact WritableManifest to /opt/dbt/target/manifest.json
[0m22:39:26.943460 [debug] [MainThread]: Wrote artifact SemanticManifest to /opt/dbt/target/semantic_manifest.json
[0m22:39:26.954726 [debug] [MainThread]: Sending event: {'category': 'dbt', 'action': 'resource_counts', 'label': '3a27ee83-3223-46f8-b5df-7862d8c84736', 'context': [<snowplow_tracker.self_describing_json.SelfDescribingJson object at 0x7fdda466ebf0>]}
[0m22:39:26.955903 [info ] [MainThread]: Found 1 model, 494 macros
[0m22:39:26.957033 [debug] [MainThread]: Sending event: {'category': 'dbt', 'action': 'runnable_timing', 'label': '3a27ee83-3223-46f8-b5df-7862d8c84736', 'context': [<snowplow_tracker.self_describing_json.SelfDescribingJson object at 0x7fdda466ec50>]}
[0m22:39:26.959331 [info ] [MainThread]: 
[0m22:39:26.961488 [info ] [MainThread]: Concurrency: 4 threads (target='dev')
[0m22:39:26.963267 [info ] [MainThread]: 
[0m22:39:26.965697 [debug] [MainThread]: Acquiring new bigquery connection 'master'
[0m22:39:26.967331 [debug] [ThreadPool]: Acquiring new bigquery connection 'list_hopeful-vine-464619-u5_advertisement'
[0m22:39:26.968889 [debug] [ThreadPool]: Opening a new connection, currently in state init
[0m22:39:27.431532 [debug] [MainThread]: Sending event: {'category': 'dbt', 'action': 'runnable_timing', 'label': '3a27ee83-3223-46f8-b5df-7862d8c84736', 'context': [<snowplow_tracker.self_describing_json.SelfDescribingJson object at 0x7fdda466ded0>]}
[0m22:39:27.432806 [debug] [MainThread]: Opening a new connection, currently in state init
[0m22:39:27.467956 [debug] [Thread-1 (]: Began running node model.ad_campaign_analytics.test_campaigns
[0m22:39:27.469792 [debug] [Thread-1 (]: Re-using an available connection from the pool (formerly list_hopeful-vine-464619-u5_advertisement, now model.ad_campaign_analytics.test_campaigns)
[0m22:39:27.471106 [debug] [Thread-1 (]: Began compiling node model.ad_campaign_analytics.test_campaigns
[0m22:39:27.480406 [debug] [Thread-1 (]: Writing injected SQL for node "model.ad_campaign_analytics.test_campaigns"
[0m22:39:27.495594 [debug] [Thread-1 (]: Began executing node model.ad_campaign_analytics.test_campaigns
[0m22:39:27.503089 [debug] [Thread-1 (]: On model.ad_campaign_analytics.test_campaigns: /* {"app": "dbt", "dbt_version": "1.10.11", "profile_name": "ad_campaign_project", "target_name": "dev", "node_id": "model.ad_campaign_analytics.test_campaigns"} */

  
  -- Simple test model to verify BigQuery connection


select 
  'campaign_001' as campaign_id,
  'Test Campaign 1' as campaign_name,
  'search' as campaign_type,
  1000 as impressions,
  50 as clicks,
  100.0 as spend

union all

select 
  'campaign_002' as campaign_id,
  'Test Campaign 2' as campaign_name,
  'display' as campaign_type,
  2000 as impressions,
  80 as clicks,
  150.0 as spend
  
  limit 5

[0m22:39:27.504953 [debug] [Thread-1 (]: Opening a new connection, currently in state closed
[0m22:39:28.091520 [debug] [Thread-1 (]: BigQuery adapter: https://console.cloud.google.com/bigquery?project=hopeful-vine-464619-u5&j=bq:US:920035ea-6199-4ac0-afaa-6f034516f000&page=queryresults
[0m22:39:28.951295 [debug] [Thread-1 (]: Finished running node model.ad_campaign_analytics.test_campaigns
[0m22:39:28.953950 [debug] [MainThread]: Connection 'master' was properly closed.
[0m22:39:28.955215 [debug] [MainThread]: Connection 'model.ad_campaign_analytics.test_campaigns' was properly closed.
[0m22:39:28.956741 [debug] [MainThread]: Command end result
[0m22:39:29.017772 [debug] [MainThread]: Wrote artifact WritableManifest to /opt/dbt/target/manifest.json
[0m22:39:29.027104 [debug] [MainThread]: Wrote artifact SemanticManifest to /opt/dbt/target/semantic_manifest.json
[0m22:39:29.044614 [debug] [MainThread]: Wrote artifact RunExecutionResult to /opt/dbt/target/run_results.json
[0m22:39:29.048989 [info ] [MainThread]: Previewing node 'test_campaigns':
| campaign_id  | campaign_name   | campaign_type | impressions | clicks | spend |
| ------------ | --------------- | ------------- | ----------- | ------ | ----- |
| campaign_001 | Test Campaign 1 | search        |        1000 |     50 |   100 |
| campaign_002 | Test Campaign 2 | display       |        2000 |     80 |   150 |

[0m22:39:29.051782 [debug] [MainThread]: Resource report: {"command_name": "show", "command_success": true, "command_wall_clock_time": 4.5209875, "process_in_blocks": "56", "process_kernel_time": 1.742573, "process_mem_max_rss": "374176", "process_out_blocks": "0", "process_user_time": 3.963109}
[0m22:39:29.054002 [debug] [MainThread]: Command `dbt show` succeeded at 22:39:29.053837 after 4.52 seconds
[0m22:39:29.055888 [debug] [MainThread]: Sending event: {'category': 'dbt', 'action': 'invocation', 'label': 'end', 'context': [<snowplow_tracker.self_describing_json.SelfDescribingJson object at 0x7fddeb6522c0>, <snowplow_tracker.self_describing_json.SelfDescribingJson object at 0x7fddeb93a1a0>, <snowplow_tracker.self_describing_json.SelfDescribingJson object at 0x7fdda45e2080>]}
[0m22:39:29.057479 [debug] [MainThread]: Flushing usage events
[0m22:39:29.513888 [debug] [MainThread]: An error was encountered while trying to flush usage events
